{"name": "Verify click on X btn in ingredient form", "status": "broken", "statusDetails": {"message": "selenium.common.exceptions.TimeoutException: Message:", "trace": "self = <test_main_page.TestMainPage object at 0x1029b71d0>, get_main_page = <pages.main_page.MainPage object at 0x102f82ae0>\n\n    @allure.title(\"Verify click on X btn in ingredient form\")\n    def test_close_ingredient_info(self, get_main_page):\n>       assert get_main_page.click_on_ingredient_and_close()\n\ntests/test_main_page.py:24: \n_ _ _ _ _ _ _ _ _ _ _ _ _ _ _ _ _ _ _ _ _ _ _ _ _ _ _ _ _ _ _ _ _ _ _ _ _ _ _ _ _ _ _ _ _ _ _ _ _ _ _ _ _ _ _ _ _ _ _ _ _ _ _ _ _ _ _ _ _ _ _ _ _ _ _ _ _ _ _ _ _ _ _ _ _ _ _ _ _ _ _ _ _ _ _ _ _ _ _ _ _ _ _ _ _ _ _ _ _ _\npages/main_page.py:38: in click_on_ingredient_and_close\n    self.wait_element_clickable(MainPageLocators.INGREDIENT_DETAILS_TEXT)\npages/base_page.py:90: in wait_element_clickable\n    WebDriverWait(self.driver, 15).until(EC.element_to_be_clickable(locator))\n_ _ _ _ _ _ _ _ _ _ _ _ _ _ _ _ _ _ _ _ _ _ _ _ _ _ _ _ _ _ _ _ _ _ _ _ _ _ _ _ _ _ _ _ _ _ _ _ _ _ _ _ _ _ _ _ _ _ _ _ _ _ _ _ _ _ _ _ _ _ _ _ _ _ _ _ _ _ _ _ _ _ _ _ _ _ _ _ _ _ _ _ _ _ _ _ _ _ _ _ _ _ _ _ _ _ _ _ _ _\n\nself = <selenium.webdriver.support.wait.WebDriverWait (session=\"7519a389-f491-434f-b197-759c1553e0c3\")>, method = <function element_to_be_clickable.<locals>._predicate at 0x101f35940>, message = ''\n\n    def until(self, method: Callable[[D], Union[Literal[False], T]], message: str = \"\") -> T:\n        \"\"\"Calls the method provided with the driver as an argument until the \\\n        return value does not evaluate to ``False``.\n    \n        :param method: callable(WebDriver)\n        :param message: optional message for :exc:`TimeoutException`\n        :returns: the result of the last call to `method`\n        :raises: :exc:`selenium.common.exceptions.TimeoutException` if timeout occurs\n        \"\"\"\n        screen = None\n        stacktrace = None\n    \n        end_time = time.monotonic() + self._timeout\n        while True:\n            try:\n                value = method(self._driver)\n                if value:\n                    return value\n            except self._ignored_exceptions as exc:\n                screen = getattr(exc, \"screen\", None)\n                stacktrace = getattr(exc, \"stacktrace\", None)\n            time.sleep(self._poll)\n            if time.monotonic() > end_time:\n                break\n>       raise TimeoutException(message, screen, stacktrace)\nE       selenium.common.exceptions.TimeoutException: Message:\n\n.venv/lib/python3.12/site-packages/selenium/webdriver/support/wait.py:105: TimeoutException"}, "steps": [{"name": "Click on an ingredient and close the info popup", "status": "broken", "statusDetails": {"message": "selenium.common.exceptions.TimeoutException: Message: \n\n", "trace": "  File \"/Users/home_nicu/Desktop/yandex/diplom/diplom_3/.venv/lib/python3.12/site-packages/allure_commons/_allure.py\", line 192, in impl\n    return func(*a, **kw)\n           ^^^^^^^^^^^^^^\n  File \"/Users/home_nicu/Desktop/yandex/diplom/diplom_3/pages/main_page.py\", line 38, in click_on_ingredient_and_close\n    self.wait_element_clickable(MainPageLocators.INGREDIENT_DETAILS_TEXT)\n  File \"/Users/home_nicu/Desktop/yandex/diplom/diplom_3/.venv/lib/python3.12/site-packages/allure_commons/_allure.py\", line 192, in impl\n    return func(*a, **kw)\n           ^^^^^^^^^^^^^^\n  File \"/Users/home_nicu/Desktop/yandex/diplom/diplom_3/pages/base_page.py\", line 90, in wait_element_clickable\n    WebDriverWait(self.driver, 15).until(EC.element_to_be_clickable(locator))\n  File \"/Users/home_nicu/Desktop/yandex/diplom/diplom_3/.venv/lib/python3.12/site-packages/selenium/webdriver/support/wait.py\", line 105, in until\n    raise TimeoutException(message, screen, stacktrace)\n"}, "steps": [{"name": "Open url page", "status": "passed", "parameters": [{"name": "url", "value": "'https://stellarburgers.nomoreparties.site/'"}], "start": 1728089982820, "stop": 1728089983875}, {"name": "Wait until element is clickable and click on it", "status": "passed", "parameters": [{"name": "locator", "value": "('xpath', \"//p[contains(text(), 'Флюоресцентная булка R2-D3')]\")"}], "start": 1728089983875, "stop": 1728089984302}, {"name": "Wait until element is clickable and click on it", "status": "passed", "parameters": [{"name": "locator", "value": "('xpath', \"//button[contains(@class, '_close')]\")"}], "start": 1728089984302, "stop": 1728089984530}, {"name": "Wait until locator is clickable", "status": "broken", "statusDetails": {"message": "selenium.common.exceptions.TimeoutException: Message: \n\n", "trace": "  File \"/Users/home_nicu/Desktop/yandex/diplom/diplom_3/.venv/lib/python3.12/site-packages/allure_commons/_allure.py\", line 192, in impl\n    return func(*a, **kw)\n           ^^^^^^^^^^^^^^\n  File \"/Users/home_nicu/Desktop/yandex/diplom/diplom_3/pages/base_page.py\", line 90, in wait_element_clickable\n    WebDriverWait(self.driver, 15).until(EC.element_to_be_clickable(locator))\n  File \"/Users/home_nicu/Desktop/yandex/diplom/diplom_3/.venv/lib/python3.12/site-packages/selenium/webdriver/support/wait.py\", line 105, in until\n    raise TimeoutException(message, screen, stacktrace)\n"}, "parameters": [{"name": "locator", "value": "('xpath', \"//h2[contains(text(), 'Детали ингредиента')]\")"}], "start": 1728089984530, "stop": 1728089999917}], "start": 1728089982820, "stop": 1728089999920}], "parameters": [{"name": "get_driver", "value": "'firefox'"}], "start": 1728089982819, "stop": 1728089999921, "uuid": "e1b30efc-ee76-4b50-9911-68b71d8d9c73", "historyId": "fd02c5f1ae93db0287e1d72c658aec4b", "testCaseId": "5014dad62626484126d55c8116113051", "fullName": "tests.test_main_page.TestMainPage#test_close_ingredient_info", "labels": [{"name": "parentSuite", "value": "tests"}, {"name": "suite", "value": "test_main_page"}, {"name": "subSuite", "value": "TestMainPage"}, {"name": "host", "value": "mac.lan"}, {"name": "thread", "value": "84223-MainThread"}, {"name": "framework", "value": "pytest"}, {"name": "language", "value": "cpython3"}, {"name": "package", "value": "tests.test_main_page"}]}